<?xml version="1.0" encoding="UTF-8"?>
<testsuite xmlns:xsi="http://www.w3.org/2001/XMLSchema-instance" xsi:noNamespaceSchemaLocation="https://maven.apache.org/surefire/maven-surefire-plugin/xsd/surefire-test-report-3.0.xsd" version="3.0" name="runners.TestRunner_ecomm" time="8.588" tests="2" errors="0" skipped="0" failures="0">
  <properties>
[...]
</properties>
  <testcase name="runScenario[&quot;Login with valid credentials&quot;, &quot;E Commerce Demo&quot;](1)" classname="runners.TestRunner_ecomm" time="4.674">
    <system-out><![CDATA[
@Regression
Scenario: Login with valid credentials                                     # src/test/resources/features/eComm.feature:5
User - Is on Login Page
  Given User is on Login page                                              # stepDefinitions_ecomm.StepDefs_LoginPage_ecomm.user_is_on_login_page()
User - Enters usernamestandard_user and passwordsecret_sauce
  When User enters username "standard_user" and password "secret_sauce"    # stepDefinitions_ecomm.StepDefs_LoginPage_ecomm.user_enters_username_and_password(java.lang.String,java.lang.String)
Login Successful - User is on Inventory Page
  When User is redirected to the inventory page                            # stepDefinitions_ecomm.StepDefs_inventory_and_cartPage_ecomm.user_is_redirected_to_the_inventory_page()
User Selects the Product with Productname - Sauce Labs Backpack
  When User selects the product "Sauce Labs Backpack"                      # stepDefinitions_ecomm.StepDefs_inventory_and_cartPage_ecomm.User_selects_the_product(java.lang.String)
User adds the product to Cart
  When User adds the product to the cart                                   # stepDefinitions_ecomm.StepDefs_inventory_and_cartPage_ecomm.user_adds_the_product_to_the_cart()
Clicks the Cart Icon
  When User clicks the cart icon                                           # stepDefinitions_ecomm.StepDefs_inventory_and_cartPage_ecomm.user_clicks_the_cart_icon()
Proceeds to CheckOut
  When User checks the product in the cart and proceeds to checkout        # stepDefinitions_ecomm.StepDefs_inventory_and_cartPage_ecomm.user_checks_the_product_in_the_cart_and_proceeds_to_checkout()
Enters the details - Firstname: John Lastname: Doe PostalCode: 12345
  When User enters checkout information                                    # stepDefinitions_ecomm.StepDefs_checkoutPage_ecomm.user_enters_checkout_information(java.util.List<java.lang.String>)
    | John  |
    | Doe   |
    | 12345 |
Order placed successfully - Test Passed
  Then User completes the purchase and sees the order confirmation message # stepDefinitions_ecomm.StepDefs_checkoutPage_ecomm.user_completes_the_purchase_and_sees_the_order_confirmation_message()
]]></system-out>
    <system-err><![CDATA[SLF4J: Failed to load class "org.slf4j.impl.StaticLoggerBinder".
SLF4J: Defaulting to no-operation (NOP) logger implementation
SLF4J: See http://www.slf4j.org/codes.html#StaticLoggerBinder for further details.
Oct 25, 2025 2:53:44 AM org.openqa.selenium.devtools.CdpVersionFinder findNearestMatch
WARNING: Unable to find an exact match for CDP version 141, returning the closest version; found: 139; Please update to a Selenium version that supports CDP version 141
]]></system-err>
  </testcase>
  <testcase name="runScenario[&quot;Login with Invalid credentials&quot;, &quot;E Commerce Demo&quot;](2)" classname="runners.TestRunner_ecomm" time="2.429">
    <system-out><![CDATA[
@Regression
Scenario: Login with Invalid credentials                                 # src/test/resources/features/eComm.feature:20
User - Is on Login Page
  Given User is on Login page                                            # stepDefinitions_ecomm.StepDefs_LoginPage_ecomm.user_is_on_login_page()
User - Enters usernamestandard_user and passwordpassword_1234
  When User enters username "standard_user" and password "password_1234" # stepDefinitions_ecomm.StepDefs_LoginPage_ecomm.user_enters_username_and_password(java.lang.String,java.lang.String)
Login Failed - Username and Password does not match
  Then Error message will be displayed                                   # stepDefinitions_ecomm.StepDefs_LoginPage_ecomm.Error_message_will_be_displayed()
]]></system-out>
    <system-err><![CDATA[Oct 25, 2025 2:53:48 AM org.openqa.selenium.devtools.CdpVersionFinder findNearestMatch
WARNING: Unable to find an exact match for CDP version 141, returning the closest version; found: 139; Please update to a Selenium version that supports CDP version 141
]]></system-err>
  </testcase>
</testsuite>