<?xml version="1.0" encoding="UTF-8"?>
<testng-results ignored="0" total="2" passed="2" failed="0" skipped="0">
  <reporter-output>
  </reporter-output>
  <suite started-at="2025-10-26T15:04:59 IST" name="Default suite" finished-at="2025-10-26T15:05:13 IST" duration-ms="13687">
    <groups>
      <group name="cucumber">
        <method signature="AbstractTestNGCucumberTests.runScenario(io.cucumber.testng.PickleWrapper,io.cucumber.testng.FeatureWrapper)[pri:0, instance:runners.TestRunner_ecomm@2aceadd4]" name="runScenario" class="io.cucumber.testng.AbstractTestNGCucumberTests"/>
      </group> <!-- cucumber -->
    </groups>
    <test started-at="2025-10-26T15:04:59 IST" name="Default test" finished-at="2025-10-26T15:05:13 IST" duration-ms="13687">
      <class name="runners.TestRunner_ecomm">
        <test-method is-config="true" signature="setUpClass(org.testng.ITestContext)[pri:0, instance:runners.TestRunner_ecomm@2aceadd4]" started-at="2025-10-26T15:04:59 IST" name="setUpClass" finished-at="2025-10-26T15:05:00 IST" duration-ms="807" status="PASS">
          <params>
            <param index="0">
              <value>
                <![CDATA[org.testng.TestRunner@16aed49f]]>
              </value>
            </param>
          </params>
          <reporter-output>
          </reporter-output>
        </test-method> <!-- setUpClass -->
        <test-method signature="runScenario(io.cucumber.testng.PickleWrapper,io.cucumber.testng.FeatureWrapper)[pri:0, instance:runners.TestRunner_ecomm@2aceadd4]" started-at="2025-10-26T15:05:00 IST" name="runScenario" description="Runs Cucumber Scenarios" data-provider="scenarios" finished-at="2025-10-26T15:05:10 IST" duration-ms="9893" status="PASS">
          <params>
            <param index="0">
              <value>
                <![CDATA["Login with valid credentials"]]>
              </value>
            </param>
            <param index="1">
              <value>
                <![CDATA["E Commerce Demo"]]>
              </value>
            </param>
          </params>
          <reporter-output>
          </reporter-output>
        </test-method> <!-- runScenario -->
        <test-method signature="runScenario(io.cucumber.testng.PickleWrapper,io.cucumber.testng.FeatureWrapper)[pri:0, instance:runners.TestRunner_ecomm@2aceadd4]" started-at="2025-10-26T15:05:10 IST" name="runScenario" description="Runs Cucumber Scenarios" data-provider="scenarios" finished-at="2025-10-26T15:05:13 IST" duration-ms="2867" status="PASS">
          <params>
            <param index="0">
              <value>
                <![CDATA["Login with Invalid credentials"]]>
              </value>
            </param>
            <param index="1">
              <value>
                <![CDATA["E Commerce Demo"]]>
              </value>
            </param>
          </params>
          <reporter-output>
          </reporter-output>
        </test-method> <!-- runScenario -->
        <test-method is-config="true" signature="tearDownClass()[pri:0, instance:runners.TestRunner_ecomm@2aceadd4]" started-at="2025-10-26T15:05:13 IST" name="tearDownClass" finished-at="2025-10-26T15:05:13 IST" duration-ms="52" status="PASS">
          <reporter-output>
          </reporter-output>
        </test-method> <!-- tearDownClass -->
      </class> <!-- runners.TestRunner_ecomm -->
    </test> <!-- Default test -->
  </suite> <!-- Default suite -->
</testng-results>
